#
# A fatal error has been detected by the Java Runtime Environment:
#
#  EXCEPTION_ACCESS_VIOLATION (0xc0000005) at pc=0x00007ffde156122e, pid=11472, tid=3088
#
# JRE version: OpenJDK Runtime Environment (14.0.2+12) (build 14.0.2+12-46)
# Java VM: OpenJDK 64-Bit Server VM (14.0.2+12-46, mixed mode, tiered, compressed oops, g1 gc, windows-amd64)
# Problematic frame:
# C  [VCRUNTIME140.dll+0x122e]
#
# No core dump will be written. Minidumps are not enabled by default on client versions of Windows
#
# If you would like to submit a bug report, please visit:
#   https://bugreport.java.com/bugreport/crash.jsp
#

---------------  S U M M A R Y ------------

Command Line: -XX:+ShowCodeDetailsInExceptionMessages -agentlib:jdwp=transport=dt_socket,suspend=y,address=localhost:50273 -ea -javaagent:C:\Users\TESTER\eclipse\java-2020-09\eclipse\configuration\org.eclipse.osgi\215\0\.cp\lib\javaagent-shaded.jar -Dfile.encoding=Cp1252 org.eclipse.jdt.internal.junit.runner.RemoteTestRunner -version 3 -port 50272 -testLoaderClass org.eclipse.jdt.internal.junit4.runner.JUnit4TestLoader -loaderpluginname org.eclipse.jdt.junit4.runtime -classNames MyTestingProject.JuegoTest

Host: Intel(R) Core(TM) i7-10510U CPU @ 1.80GHz, 8 cores, 15G,  Windows 10 , 64 bit Build 18362 (10.0.18362.1110)
Time: Sun Nov 15 00:30:20 2020 Hora estándar romance elapsed time: 1008 seconds (0d 0h 16m 48s)

---------------  T H R E A D  ---------------

Current thread (0x00000226aaf19800):  JavaThread "JDWP Transport Listener: dt_socket" daemon [_thread_in_vm, id=3088, stack(0x0000002e6bf00000,0x0000002e6c000000)] _threads_hazard_ptr=0x00000226ab730640

Stack: [0x0000002e6bf00000,0x0000002e6c000000],  sp=0x0000002e6bfff228,  free space=1020k
Native frames: (J=compiled Java code, j=interpreted, Vv=VM code, C=native code)
C  [VCRUNTIME140.dll+0x122e]
V  [jvm.dll+0x5e78e8]
V  [jvm.dll+0x5af8e3]
V  [jvm.dll+0x739aef]
V  [jvm.dll+0x4bee61]
V  [jvm.dll+0x74908b]
V  [jvm.dll+0x4a54ee]
V  [jvm.dll+0x46ee7b]
C  [jdwp.dll+0x751f]


siginfo: EXCEPTION_ACCESS_VIOLATION (0xc0000005), reading address 0x0000000000000000


Register to memory mapping:

RIP=0x00007ffde156122e VCRUNTIME140.dll
RAX=0x00000226ab265860 points into unknown readable memory: 00 00 00 00 05 00 00 00
RBX=0x0000000000000049 is an unknown value
RCX=0x0000000000002000 is an unknown value
RDX=0xfffffdd954d9a7a0 is an unknown value
RSP=0x0000002e6bfff228 is pointing into the stack for thread: 0x00000226aaf19800
RBP=0x0000002e6bfff310 is pointing into the stack for thread: 0x00000226aaf19800
RSI=0x0 is NULL
RDI=0x00000226ab265860 points into unknown readable memory: 00 00 00 00 05 00 00 00
R8 =0x0000000000002000 is an unknown value
R9 =0x0000000000002000 is an unknown value
R10=0x0 is NULL
R11=0x00000226ab265860 points into unknown readable memory: 00 00 00 00 05 00 00 00
R12=0x0 is NULL
R13=0x0 is NULL
R14=0x00000226aac604c8 points into unknown readable memory: a7 f5 3c 9d 00 07 00 88
R15=0x00000000000003d8 is an unknown value


Registers:
RAX=0x00000226ab265860, RBX=0x0000000000000049, RCX=0x0000000000002000, RDX=0xfffffdd954d9a7a0
RSP=0x0000002e6bfff228, RBP=0x0000002e6bfff310, RSI=0x0000000000000000, RDI=0x00000226ab265860
R8 =0x0000000000002000, R9 =0x0000000000002000, R10=0x0000000000000000, R11=0x00000226ab265860
R12=0x0000000000000000, R13=0x0000000000000000, R14=0x00000226aac604c8, R15=0x00000000000003d8
RIP=0x00007ffde156122e, EFLAGS=0x0000000000010203

Top of Stack: (sp=0x0000002e6bfff228)
0x0000002e6bfff228:   00000226ab832a00 0000002e6bfff290
0x0000002e6bfff238:   00007ffd8c7e78e8 0000000000000049
0x0000002e6bfff248:   00000226ab832a00 0000000000000000
0x0000002e6bfff258:   00000000000003d8 0000002e6bfff310
0x0000002e6bfff268:   00007ffd8c7af8e3 00000226abbeab90
0x0000002e6bfff278:   00000226aac600f0 0000000000000049
0x0000002e6bfff288:   0000000000000000 00000226abbeab90
0x0000002e6bfff298:   00000226aaf19800 0000000000000000
0x0000002e6bfff2a8:   00007ffd8c939aef 00000226abbeab90
0x0000002e6bfff2b8:   0000000000000049 00000226ab2645f0
0x0000002e6bfff2c8:   00007ffdf91aeced 0000000400000000
0x0000002e6bfff2d8:   0000000000000000 00000226aaee7350
0x0000002e6bfff2e8:   000002268b1905a0 0000000000000000
0x0000002e6bfff2f8:   0000000000000000 0000000000000000
0x0000002e6bfff308:   0000000000000000 00000226abbeab90
0x0000002e6bfff318:   0000ffff8c930049 0000000000000000 

Instructions: (pc=0x00007ffde156122e)
0x00007ffde156112e:   cc cc cc cc cc cc cc cc 66 66 0f 1f 84 00 00 00
0x00007ffde156113e:   00 00 48 2b d1 49 83 f8 08 72 22 f6 c1 07 74 14
0x00007ffde156114e:   66 90 8a 01 3a 04 11 75 2c 48 ff c1 49 ff c8 f6
0x00007ffde156115e:   c1 07 75 ee 4d 8b c8 49 c1 e9 03 75 1f 4d 85 c0
0x00007ffde156116e:   74 0f 8a 01 3a 04 11 75 0c 48 ff c1 49 ff c8 75
0x00007ffde156117e:   f1 48 33 c0 c3 1b c0 83 d8 ff c3 90 49 c1 e9 02
0x00007ffde156118e:   74 37 48 8b 01 48 3b 04 11 75 5b 48 8b 41 08 48
0x00007ffde156119e:   3b 44 11 08 75 4c 48 8b 41 10 48 3b 44 11 10 75
0x00007ffde15611ae:   3d 48 8b 41 18 48 3b 44 11 18 75 2e 48 83 c1 20
0x00007ffde15611be:   49 ff c9 75 cd 49 83 e0 1f 4d 8b c8 49 c1 e9 03
0x00007ffde15611ce:   74 9b 48 8b 01 48 3b 04 11 75 1b 48 83 c1 08 49
0x00007ffde15611de:   ff c9 75 ee 49 83 e0 07 eb 83 48 83 c1 08 48 83
0x00007ffde15611ee:   c1 08 48 83 c1 08 48 8b 0c 0a 48 0f c8 48 0f c9
0x00007ffde15611fe:   48 3b c1 1b c0 83 d8 ff c3 cc cc cc cc cc cc cc
0x00007ffde156120e:   cc cc cc cc cc cc cc cc 66 66 0f 1f 84 00 00 00
0x00007ffde156121e:   00 00 57 56 49 8b c3 48 8b f9 49 8b c8 49 8b f2
0x00007ffde156122e:   f3 a4 5e 5f c3 cc cc cc cc cc cc 0f 1f 80 00 00
0x00007ffde156123e:   00 00 4c 8b d9 4c 8b d2 49 83 f8 10 76 64 49 83
0x00007ffde156124e:   f8 20 76 3e 48 2b d1 73 0d 4b 8d 04 10 48 3b c8
0x00007ffde156125e:   0f 82 2c 03 00 00 49 81 f8 80 00 00 00 0f 86 5f
0x00007ffde156126e:   02 00 00 0f ba 25 33 01 01 00 01 0f 83 a1 01 00
0x00007ffde156127e:   00 eb 9f 66 66 66 66 66 66 66 0f 1f 84 00 00 00
0x00007ffde156128e:   00 00 0f 10 02 42 0f 10 4c 02 f0 0f 11 01 42 0f
0x00007ffde156129e:   11 4c 01 f0 48 8b c1 c3 66 66 0f 1f 84 00 00 00
0x00007ffde15612ae:   00 00 48 8b c1 4c 8d 0d 46 ed ff ff 43 8b 8c 81
0x00007ffde15612be:   c7 12 00 00 49 03 c9 ff e1 10 13 00 00 2f 13 00
0x00007ffde15612ce:   00 11 13 00 00 1f 13 00 00 58 13 00 00 60 13 00
0x00007ffde15612de:   00 70 13 00 00 80 13 00 00 18 13 00 00 b0 13 00
0x00007ffde15612ee:   00 c0 13 00 00 40 13 00 00 d0 13 00 00 98 13 00
0x00007ffde15612fe:   00 e0 13 00 00 00 14 00 00 35 13 00 00 0f 1f 44
0x00007ffde156130e:   00 00 c3 0f b7 0a 66 89 08 c3 48 8b 0a 48 89 08
0x00007ffde156131e:   c3 0f b7 0a 44 0f b6 42 02 66 89 08 44 88 40 02 


Stack slot to memory mapping:
stack at sp + 0 slots: 0x00000226ab832a00 points into unknown readable memory: 90 ab be ab 26 02 00 00
stack at sp + 1 slots: 0x0000002e6bfff290 is pointing into the stack for thread: 0x00000226aaf19800
stack at sp + 2 slots: 0x00007ffd8c7e78e8 jvm.dll
stack at sp + 3 slots: 0x0000000000000049 is an unknown value
stack at sp + 4 slots: 0x00000226ab832a00 points into unknown readable memory: 90 ab be ab 26 02 00 00
stack at sp + 5 slots: 0x0 is NULL
stack at sp + 6 slots: 0x00000000000003d8 is an unknown value
stack at sp + 7 slots: 0x0000002e6bfff310 is pointing into the stack for thread: 0x00000226aaf19800


---------------  P R O C E S S  ---------------

Threads class SMR info:
_java_thread_list=0x00000226ab730640, length=15, elements={
0x000002268b194800, 0x00000226aac04800, 0x00000226aac05800, 0x00000226aac44800,
0x00000226aac48000, 0x00000226aac4b000, 0x00000226aac4f000, 0x00000226aac5d800,
0x00000226aac69000, 0x00000226aae27000, 0x00000226aaf19800, 0x00000226aaef4000,
0x00000226aaef6800, 0x00000226aae28800, 0x00000226aae25800
}

Java Threads: ( => current thread )
  0x000002268b194800 JavaThread "main" [_thread_blocked, id=12544, stack(0x0000002e6ae00000,0x0000002e6af00000)]
  0x00000226aac04800 JavaThread "Reference Handler" daemon [_thread_blocked, id=19324, stack(0x0000002e6b500000,0x0000002e6b600000)]
  0x00000226aac05800 JavaThread "Finalizer" daemon [_thread_blocked, id=2980, stack(0x0000002e6b600000,0x0000002e6b700000)]
  0x00000226aac44800 JavaThread "Signal Dispatcher" daemon [_thread_blocked, id=3864, stack(0x0000002e6b700000,0x0000002e6b800000)]
  0x00000226aac48000 JavaThread "Attach Listener" daemon [_thread_blocked, id=17792, stack(0x0000002e6b800000,0x0000002e6b900000)]
  0x00000226aac4b000 JavaThread "Service Thread" daemon [_thread_blocked, id=2044, stack(0x0000002e6b900000,0x0000002e6ba00000)]
  0x00000226aac4f000 JavaThread "C2 CompilerThread0" daemon [_thread_blocked, id=17960, stack(0x0000002e6ba00000,0x0000002e6bb00000)]
  0x00000226aac5d800 JavaThread "C1 CompilerThread0" daemon [_thread_blocked, id=4776, stack(0x0000002e6bb00000,0x0000002e6bc00000)]
  0x00000226aac69000 JavaThread "Sweeper thread" daemon [_thread_blocked, id=11700, stack(0x0000002e6bc00000,0x0000002e6bd00000)]
  0x00000226aae27000 JavaThread "Common-Cleaner" daemon [_thread_blocked, id=272, stack(0x0000002e6bd00000,0x0000002e6be00000)]
=>0x00000226aaf19800 JavaThread "JDWP Transport Listener: dt_socket" daemon [_thread_in_vm, id=3088, stack(0x0000002e6bf00000,0x0000002e6c000000)]
  0x00000226aaef4000 JavaThread "JDWP Event Helper Thread" daemon [_thread_blocked, id=8136, stack(0x0000002e6c000000,0x0000002e6c100000)]
  0x00000226aaef6800 JavaThread "JDWP Command Reader" daemon [_thread_in_native, id=18328, stack(0x0000002e6c100000,0x0000002e6c200000)]
  0x00000226aae28800 JavaThread "Notification Thread" daemon [_thread_blocked, id=3524, stack(0x0000002e6c200000,0x0000002e6c300000)]
  0x00000226aae25800 JavaThread "ReaderThread" [_thread_in_native, id=6740, stack(0x0000002e6c400000,0x0000002e6c500000)]

Other Threads:
  0x00000226aac01000 VMThread "VM Thread" [stack: 0x0000002e6b400000,0x0000002e6b500000] [id=13272]
  0x00000226ab274800 WatcherThread [stack: 0x0000002e6c300000,0x0000002e6c400000] [id=5716]
  0x000002268b1f7000 GCTaskThread "GC Thread#0" [stack: 0x0000002e6af00000,0x0000002e6b000000] [id=11180]
  0x000002268b21a800 ConcurrentGCThread "G1 Main Marker" [stack: 0x0000002e6b000000,0x0000002e6b100000] [id=8356]
  0x000002268b21b800 ConcurrentGCThread "G1 Conc#0" [stack: 0x0000002e6b100000,0x0000002e6b200000] [id=19280]
  0x00000226aa210800 ConcurrentGCThread "G1 Refine#0" [stack: 0x0000002e6b200000,0x0000002e6b300000] [id=13592]
  0x00000226aa211800 ConcurrentGCThread "G1 Young RemSet Sampling" [stack: 0x0000002e6b300000,0x0000002e6b400000] [id=17320]

Threads with active compile tasks:

VM state:not at safepoint (normal execution)

VM Mutex/Monitor currently owned by a thread: None

Heap address: 0x0000000703400000, size: 4044 MB, Compressed Oops mode: Zero based, Oop shift amount: 3
Narrow klass base: 0x0000000800000000, Narrow klass shift: 0
Compressed class space size: 1073741824 Address: 0x0000000800000000

Heap:
 garbage-first heap   total 260096K, used 15360K [0x0000000703400000, 0x0000000800000000)
  region size 1024K, 17 young (17408K), 0 survivors (0K)
 Metaspace       used 11872K, capacity 12061K, committed 12288K, reserved 1060864K
  class space    used 1101K, capacity 1161K, committed 1280K, reserved 1048576K
Heap Regions: E=young(eden), S=young(survivor), O=old, HS=humongous(starts), HC=humongous(continues), CS=collection set, F=free, OA=open archive, CA=closed archive, TAMS=top-at-mark-start (previous, next)
|   0|0x0000000703400000, 0x0000000703400000, 0x0000000703500000|  0%| F|  |TAMS 0x0000000703400000, 0x0000000703400000| Untracked 
|   1|0x0000000703500000, 0x0000000703500000, 0x0000000703600000|  0%| F|  |TAMS 0x0000000703500000, 0x0000000703500000| Untracked 
|   2|0x0000000703600000, 0x0000000703600000, 0x0000000703700000|  0%| F|  |TAMS 0x0000000703600000, 0x0000000703600000| Untracked 
|   3|0x0000000703700000, 0x0000000703700000, 0x0000000703800000|  0%| F|  |TAMS 0x0000000703700000, 0x0000000703700000| Untracked 
|   4|0x0000000703800000, 0x0000000703800000, 0x0000000703900000|  0%| F|  |TAMS 0x0000000703800000, 0x0000000703800000| Untracked 
|   5|0x0000000703900000, 0x0000000703900000, 0x0000000703a00000|  0%| F|  |TAMS 0x0000000703900000, 0x0000000703900000| Untracked 
|   6|0x0000000703a00000, 0x0000000703a00000, 0x0000000703b00000|  0%| F|  |TAMS 0x0000000703a00000, 0x0000000703a00000| Untracked 
|   7|0x0000000703b00000, 0x0000000703b00000, 0x0000000703c00000|  0%| F|  |TAMS 0x0000000703b00000, 0x0000000703b00000| Untracked 
|   8|0x0000000703c00000, 0x0000000703c00000, 0x0000000703d00000|  0%| F|  |TAMS 0x0000000703c00000, 0x0000000703c00000| Untracked 
|   9|0x0000000703d00000, 0x0000000703d00000, 0x0000000703e00000|  0%| F|  |TAMS 0x0000000703d00000, 0x0000000703d00000| Untracked 
|  10|0x0000000703e00000, 0x0000000703e00000, 0x0000000703f00000|  0%| F|  |TAMS 0x0000000703e00000, 0x0000000703e00000| Untracked 
|  11|0x0000000703f00000, 0x0000000703f00000, 0x0000000704000000|  0%| F|  |TAMS 0x0000000703f00000, 0x0000000703f00000| Untracked 
|  12|0x0000000704000000, 0x0000000704000000, 0x0000000704100000|  0%| F|  |TAMS 0x0000000704000000, 0x0000000704000000| Untracked 
|  13|0x0000000704100000, 0x0000000704100000, 0x0000000704200000|  0%| F|  |TAMS 0x0000000704100000, 0x0000000704100000| Untracked 
|  14|0x0000000704200000, 0x0000000704200000, 0x0000000704300000|  0%| F|  |TAMS 0x0000000704200000, 0x0000000704200000| Untracked 
|  15|0x0000000704300000, 0x0000000704300000, 0x0000000704400000|  0%| F|  |TAMS 0x0000000704300000, 0x0000000704300000| Untracked 
|  16|0x0000000704400000, 0x0000000704400000, 0x0000000704500000|  0%| F|  |TAMS 0x0000000704400000, 0x0000000704400000| Untracked 
|  17|0x0000000704500000, 0x0000000704500000, 0x0000000704600000|  0%| F|  |TAMS 0x0000000704500000, 0x0000000704500000| Untracked 
|  18|0x0000000704600000, 0x0000000704600000, 0x0000000704700000|  0%| F|  |TAMS 0x0000000704600000, 0x0000000704600000| Untracked 
|  19|0x0000000704700000, 0x0000000704700000, 0x0000000704800000|  0%| F|  |TAMS 0x0000000704700000, 0x0000000704700000| Untracked 
|  20|0x0000000704800000, 0x0000000704800000, 0x0000000704900000|  0%| F|  |TAMS 0x0000000704800000, 0x0000000704800000| Untracked 
|  21|0x0000000704900000, 0x0000000704900000, 0x0000000704a00000|  0%| F|  |TAMS 0x0000000704900000, 0x0000000704900000| Untracked 
|  22|0x0000000704a00000, 0x0000000704a00000, 0x0000000704b00000|  0%| F|  |TAMS 0x0000000704a00000, 0x0000000704a00000| Untracked 
|  23|0x0000000704b00000, 0x0000000704b00000, 0x0000000704c00000|  0%| F|  |TAMS 0x0000000704b00000, 0x0000000704b00000| Untracked 
|  24|0x0000000704c00000, 0x0000000704c00000, 0x0000000704d00000|  0%| F|  |TAMS 0x0000000704c00000, 0x0000000704c00000| Untracked 
|  25|0x0000000704d00000, 0x0000000704d00000, 0x0000000704e00000|  0%| F|  |TAMS 0x0000000704d00000, 0x0000000704d00000| Untracked 
|  26|0x0000000704e00000, 0x0000000704e00000, 0x0000000704f00000|  0%| F|  |TAMS 0x0000000704e00000, 0x0000000704e00000| Untracked 
|  27|0x0000000704f00000, 0x0000000704f00000, 0x0000000705000000|  0%| F|  |TAMS 0x0000000704f00000, 0x0000000704f00000| Untracked 
|  28|0x0000000705000000, 0x0000000705000000, 0x0000000705100000|  0%| F|  |TAMS 0x0000000705000000, 0x0000000705000000| Untracked 
|  29|0x0000000705100000, 0x0000000705100000, 0x0000000705200000|  0%| F|  |TAMS 0x0000000705100000, 0x0000000705100000| Untracked 
|  30|0x0000000705200000, 0x0000000705200000, 0x0000000705300000|  0%| F|  |TAMS 0x0000000705200000, 0x0000000705200000| Untracked 
|  31|0x0000000705300000, 0x0000000705300000, 0x0000000705400000|  0%| F|  |TAMS 0x0000000705300000, 0x0000000705300000| Untracked 
|  32|0x0000000705400000, 0x0000000705400000, 0x0000000705500000|  0%| F|  |TAMS 0x0000000705400000, 0x0000000705400000| Untracked 
|  33|0x0000000705500000, 0x0000000705500000, 0x0000000705600000|  0%| F|  |TAMS 0x0000000705500000, 0x0000000705500000| Untracked 
|  34|0x0000000705600000, 0x0000000705600000, 0x0000000705700000|  0%| F|  |TAMS 0x0000000705600000, 0x0000000705600000| Untracked 
|  35|0x0000000705700000, 0x0000000705700000, 0x0000000705800000|  0%| F|  |TAMS 0x0000000705700000, 0x0000000705700000| Untracked 
|  36|0x0000000705800000, 0x0000000705800000, 0x0000000705900000|  0%| F|  |TAMS 0x0000000705800000, 0x0000000705800000| Untracked 
|  37|0x0000000705900000, 0x0000000705900000, 0x0000000705a00000|  0%| F|  |TAMS 0x0000000705900000, 0x0000000705900000| Untracked 
|  38|0x0000000705a00000, 0x0000000705a00000, 0x0000000705b00000|  0%| F|  |TAMS 0x0000000705a00000, 0x0000000705a00000| Untracked 
|  39|0x0000000705b00000, 0x0000000705b00000, 0x0000000705c00000|  0%| F|  |TAMS 0x0000000705b00000, 0x0000000705b00000| Untracked 
|  40|0x0000000705c00000, 0x0000000705c00000, 0x0000000705d00000|  0%| F|  |TAMS 0x0000000705c00000, 0x0000000705c00000| Untracked 
|  41|0x0000000705d00000, 0x0000000705d00000, 0x0000000705e00000|  0%| F|  |TAMS 0x0000000705d00000, 0x0000000705d00000| Untracked 
|  42|0x0000000705e00000, 0x0000000705e00000, 0x0000000705f00000|  0%| F|  |TAMS 0x0000000705e00000, 0x0000000705e00000| Untracked 
|  43|0x0000000705f00000, 0x0000000705f00000, 0x0000000706000000|  0%| F|  |TAMS 0x0000000705f00000, 0x0000000705f00000| Untracked 
|  44|0x0000000706000000, 0x0000000706000000, 0x0000000706100000|  0%| F|  |TAMS 0x0000000706000000, 0x0000000706000000| Untracked 
|  45|0x0000000706100000, 0x0000000706100000, 0x0000000706200000|  0%| F|  |TAMS 0x0000000706100000, 0x0000000706100000| Untracked 
|  46|0x0000000706200000, 0x0000000706200000, 0x0000000706300000|  0%| F|  |TAMS 0x0000000706200000, 0x0000000706200000| Untracked 
|  47|0x0000000706300000, 0x0000000706300000, 0x0000000706400000|  0%| F|  |TAMS 0x0000000706300000, 0x0000000706300000| Untracked 
|  48|0x0000000706400000, 0x0000000706400000, 0x0000000706500000|  0%| F|  |TAMS 0x0000000706400000, 0x0000000706400000| Untracked 
|  49|0x0000000706500000, 0x0000000706500000, 0x0000000706600000|  0%| F|  |TAMS 0x0000000706500000, 0x0000000706500000| Untracked 
|  50|0x0000000706600000, 0x0000000706600000, 0x0000000706700000|  0%| F|  |TAMS 0x0000000706600000, 0x0000000706600000| Untracked 
|  51|0x0000000706700000, 0x0000000706700000, 0x0000000706800000|  0%| F|  |TAMS 0x0000000706700000, 0x0000000706700000| Untracked 
|  52|0x0000000706800000, 0x0000000706800000, 0x0000000706900000|  0%| F|  |TAMS 0x0000000706800000, 0x0000000706800000| Untracked 
|  53|0x0000000706900000, 0x0000000706900000, 0x0000000706a00000|  0%| F|  |TAMS 0x0000000706900000, 0x0000000706900000| Untracked 
|  54|0x0000000706a00000, 0x0000000706a00000, 0x0000000706b00000|  0%| F|  |TAMS 0x0000000706a00000, 0x0000000706a00000| Untracked 
|  55|0x0000000706b00000, 0x0000000706b00000, 0x0000000706c00000|  0%| F|  |TAMS 0x0000000706b00000, 0x0000000706b00000| Untracked 
|  56|0x0000000706c00000, 0x0000000706c00000, 0x0000000706d00000|  0%| F|  |TAMS 0x0000000706c00000, 0x0000000706c00000| Untracked 
|  57|0x0000000706d00000, 0x0000000706d00000, 0x0000000706e00000|  0%| F|  |TAMS 0x0000000706d00000, 0x0000000706d00000| Untracked 
|  58|0x0000000706e00000, 0x0000000706e00000, 0x0000000706f00000|  0%| F|  |TAMS 0x0000000706e00000, 0x0000000706e00000| Untracked 
|  59|0x0000000706f00000, 0x0000000706f00000, 0x0000000707000000|  0%| F|  |TAMS 0x0000000706f00000, 0x0000000706f00000| Untracked 
|  60|0x0000000707000000, 0x0000000707000000, 0x0000000707100000|  0%| F|  |TAMS 0x0000000707000000, 0x0000000707000000| Untracked 
|  61|0x0000000707100000, 0x0000000707100000, 0x0000000707200000|  0%| F|  |TAMS 0x0000000707100000, 0x0000000707100000| Untracked 
|  62|0x0000000707200000, 0x0000000707200000, 0x0000000707300000|  0%| F|  |TAMS 0x0000000707200000, 0x0000000707200000| Untracked 
|  63|0x0000000707300000, 0x0000000707300000, 0x0000000707400000|  0%| F|  |TAMS 0x0000000707300000, 0x0000000707300000| Untracked 
|  64|0x0000000707400000, 0x0000000707400000, 0x0000000707500000|  0%| F|  |TAMS 0x0000000707400000, 0x0000000707400000| Untracked 
|  65|0x0000000707500000, 0x0000000707500000, 0x0000000707600000|  0%| F|  |TAMS 0x0000000707500000, 0x0000000707500000| Untracked 
|  66|0x0000000707600000, 0x0000000707600000, 0x0000000707700000|  0%| F|  |TAMS 0x0000000707600000, 0x0000000707600000| Untracked 
|  67|0x0000000707700000, 0x0000000707700000, 0x0000000707800000|  0%| F|  |TAMS 0x0000000707700000, 0x0000000707700000| Untracked 
|  68|0x0000000707800000, 0x0000000707800000, 0x0000000707900000|  0%| F|  |TAMS 0x0000000707800000, 0x0000000707800000| Untracked 
|  69|0x0000000707900000, 0x0000000707900000, 0x0000000707a00000|  0%| F|  |TAMS 0x0000000707900000, 0x0000000707900000| Untracked 
|  70|0x0000000707a00000, 0x0000000707a00000, 0x0000000707b00000|  0%| F|  |TAMS 0x0000000707a00000, 0x0000000707a00000| Untracked 
|  71|0x0000000707b00000, 0x0000000707b00000, 0x0000000707c00000|  0%| F|  |TAMS 0x0000000707b00000, 0x0000000707b00000| Untracked 
|  72|0x0000000707c00000, 0x0000000707c00000, 0x0000000707d00000|  0%| F|  |TAMS 0x0000000707c00000, 0x0000000707c00000| Untracked 
|  73|0x0000000707d00000, 0x0000000707d00000, 0x0000000707e00000|  0%| F|  |TAMS 0x0000000707d00000, 0x0000000707d00000| Untracked 
|  74|0x0000000707e00000, 0x0000000707e00000, 0x0000000707f00000|  0%| F|  |TAMS 0x0000000707e00000, 0x0000000707e00000| Untracked 
|  75|0x0000000707f00000, 0x0000000707f00000, 0x0000000708000000|  0%| F|  |TAMS 0x0000000707f00000, 0x0000000707f00000| Untracked 
|  76|0x0000000708000000, 0x0000000708000000, 0x0000000708100000|  0%| F|  |TAMS 0x0000000708000000, 0x0000000708000000| Untracked 
|  77|0x0000000708100000, 0x0000000708100000, 0x0000000708200000|  0%| F|  |TAMS 0x0000000708100000, 0x0000000708100000| Untracked 
|  78|0x0000000708200000, 0x0000000708200000, 0x0000000708300000|  0%| F|  |TAMS 0x0000000708200000, 0x0000000708200000| Untracked 
|  79|0x0000000708300000, 0x0000000708300000, 0x0000000708400000|  0%| F|  |TAMS 0x0000000708300000, 0x0000000708300000| Untracked 
|  80|0x0000000708400000, 0x0000000708400000, 0x0000000708500000|  0%| F|  |TAMS 0x0000000708400000, 0x0000000708400000| Untracked 
|  81|0x0000000708500000, 0x0000000708500000, 0x0000000708600000|  0%| F|  |TAMS 0x0000000708500000, 0x0000000708500000| Untracked 
|  82|0x0000000708600000, 0x0000000708600000, 0x0000000708700000|  0%| F|  |TAMS 0x0000000708600000, 0x0000000708600000| Untracked 
|  83|0x0000000708700000, 0x0000000708700000, 0x0000000708800000|  0%| F|  |TAMS 0x0000000708700000, 0x0000000708700000| Untracked 
|  84|0x0000000708800000, 0x0000000708800000, 0x0000000708900000|  0%| F|  |TAMS 0x0000000708800000, 0x0000000708800000| Untracked 
|  85|0x0000000708900000, 0x0000000708900000, 0x0000000708a00000|  0%| F|  |TAMS 0x0000000708900000, 0x0000000708900000| Untracked 
|  86|0x0000000708a00000, 0x0000000708a00000, 0x0000000708b00000|  0%| F|  |TAMS 0x0000000708a00000, 0x0000000708a00000| Untracked 
|  87|0x0000000708b00000, 0x0000000708b00000, 0x0000000708c00000|  0%| F|  |TAMS 0x0000000708b00000, 0x0000000708b00000| Untracked 
|  88|0x0000000708c00000, 0x0000000708c00000, 0x0000000708d00000|  0%| F|  |TAMS 0x0000000708c00000, 0x0000000708c00000| Untracked 
|  89|0x0000000708d00000, 0x0000000708d00000, 0x0000000708e00000|  0%| F|  |TAMS 0x0000000708d00000, 0x0000000708d00000| Untracked 
|  90|0x0000000708e00000, 0x0000000708e00000, 0x0000000708f00000|  0%| F|  |TAMS 0x0000000708e00000, 0x0000000708e00000| Untracked 
|  91|0x0000000708f00000, 0x0000000708f00000, 0x0000000709000000|  0%| F|  |TAMS 0x0000000708f00000, 0x0000000708f00000| Untracked 
|  92|0x0000000709000000, 0x0000000709000000, 0x0000000709100000|  0%| F|  |TAMS 0x0000000709000000, 0x0000000709000000| Untracked 
|  93|0x0000000709100000, 0x0000000709100000, 0x0000000709200000|  0%| F|  |TAMS 0x0000000709100000, 0x0000000709100000| Untracked 
|  94|0x0000000709200000, 0x0000000709200000, 0x0000000709300000|  0%| F|  |TAMS 0x0000000709200000, 0x0000000709200000| Untracked 
|  95|0x0000000709300000, 0x0000000709300000, 0x0000000709400000|  0%| F|  |TAMS 0x0000000709300000, 0x0000000709300000| Untracked 
|  96|0x0000000709400000, 0x0000000709400000, 0x0000000709500000|  0%| F|  |TAMS 0x0000000709400000, 0x0000000709400000| Untracked 
|  97|0x0000000709500000, 0x0000000709500000, 0x0000000709600000|  0%| F|  |TAMS 0x0000000709500000, 0x0000000709500000| Untracked 
|  98|0x0000000709600000, 0x0000000709600000, 0x0000000709700000|  0%| F|  |TAMS 0x0000000709600000, 0x0000000709600000| Untracked 
|  99|0x0000000709700000, 0x0000000709700000, 0x0000000709800000|  0%| F|  |TAMS 0x0000000709700000, 0x0000000709700000| Untracked 
| 100|0x0000000709800000, 0x0000000709800000, 0x0000000709900000|  0%| F|  |TAMS 0x0000000709800000, 0x0000000709800000| Untracked 
| 101|0x0000000709900000, 0x0000000709900000, 0x0000000709a00000|  0%| F|  |TAMS 0x0000000709900000, 0x0000000709900000| Untracked 
| 102|0x0000000709a00000, 0x0000000709a00000, 0x0000000709b00000|  0%| F|  |TAMS 0x0000000709a00000, 0x0000000709a00000| Untracked 
| 103|0x0000000709b00000, 0x0000000709b00000, 0x0000000709c00000|  0%| F|  |TAMS 0x0000000709b00000, 0x0000000709b00000| Untracked 
| 104|0x0000000709c00000, 0x0000000709c00000, 0x0000000709d00000|  0%| F|  |TAMS 0x0000000709c00000, 0x0000000709c00000| Untracked 
| 105|0x0000000709d00000, 0x0000000709d00000, 0x0000000709e00000|  0%| F|  |TAMS 0x0000000709d00000, 0x0000000709d00000| Untracked 
| 106|0x0000000709e00000, 0x0000000709e00000, 0x0000000709f00000|  0%| F|  |TAMS 0x0000000709e00000, 0x0000000709e00000| Untracked 
| 107|0x0000000709f00000, 0x0000000709f00000, 0x000000070a000000|  0%| F|  |TAMS 0x0000000709f00000, 0x0000000709f00000| Untracked 
| 108|0x000000070a000000, 0x000000070a000000, 0x000000070a100000|  0%| F|  |TAMS 0x000000070a000000, 0x000000070a000000| Untracked 
| 109|0x000000070a100000, 0x000000070a100000, 0x000000070a200000|  0%| F|  |TAMS 0x000000070a100000, 0x000000070a100000| Untracked 
| 110|0x000000070a200000, 0x000000070a200000, 0x000000070a300000|  0%| F|  |TAMS 0x000000070a200000, 0x000000070a200000| Untracked 
| 111|0x000000070a300000, 0x000000070a300000, 0x000000070a400000|  0%| F|  |TAMS 0x000000070a300000, 0x000000070a300000| Untracked 
| 112|0x000000070a400000, 0x000000070a400000, 0x000000070a500000|  0%| F|  |TAMS 0x000000070a400000, 0x000000070a400000| Untracked 
| 113|0x000000070a500000, 0x000000070a500000, 0x000000070a600000|  0%| F|  |TAMS 0x000000070a500000, 0x000000070a500000| Untracked 
| 114|0x000000070a600000, 0x000000070a600000, 0x000000070a700000|  0%| F|  |TAMS 0x000000070a600000, 0x000000070a600000| Untracked 
| 115|0x000000070a700000, 0x000000070a700000, 0x000000070a800000|  0%| F|  |TAMS 0x000000070a700000, 0x000000070a700000| Untracked 
| 116|0x000000070a800000, 0x000000070a800000, 0x000000070a900000|  0%| F|  |TAMS 0x000000070a800000, 0x000000070a800000| Untracked 
| 117|0x000000070a900000, 0x000000070a900000, 0x000000070aa00000|  0%| F|  |TAMS 0x000000070a900000, 0x000000070a900000| Untracked 
| 118|0x000000070aa00000, 0x000000070aa00000, 0x000000070ab00000|  0%| F|  |TAMS 0x000000070aa00000, 0x000000070aa00000| Untracked 
| 119|0x000000070ab00000, 0x000000070ab00000, 0x000000070ac00000|  0%| F|  |TAMS 0x000000070ab00000, 0x000000070ab00000| Untracked 
| 120|0x000000070ac00000, 0x000000070ac00000, 0x000000070ad00000|  0%| F|  |TAMS 0x000000070ac00000, 0x000000070ac00000| Untracked 
| 121|0x000000070ad00000, 0x000000070ad00000, 0x000000070ae00000|  0%| F|  |TAMS 0x000000070ad00000, 0x000000070ad00000| Untracked 
| 122|0x000000070ae00000, 0x000000070ae00000, 0x000000070af00000|  0%| F|  |TAMS 0x000000070ae00000, 0x000000070ae00000| Untracked 
| 123|0x000000070af00000, 0x000000070af00000, 0x000000070b000000|  0%| F|  |TAMS 0x000000070af00000, 0x000000070af00000| Untracked 
| 124|0x000000070b000000, 0x000000070b000000, 0x000000070b100000|  0%| F|  |TAMS 0x000000070b000000, 0x000000070b000000| Untracked 
| 125|0x000000070b100000, 0x000000070b100000, 0x000000070b200000|  0%| F|  |TAMS 0x000000070b100000, 0x000000070b100000| Untracked 
| 126|0x000000070b200000, 0x000000070b200000, 0x000000070b300000|  0%| F|  |TAMS 0x000000070b200000, 0x000000070b200000| Untracked 
| 127|0x000000070b300000, 0x000000070b300000, 0x000000070b400000|  0%| F|  |TAMS 0x000000070b300000, 0x000000070b300000| Untracked 
| 128|0x000000070b400000, 0x000000070b400000, 0x000000070b500000|  0%| F|  |TAMS 0x000000070b400000, 0x000000070b400000| Untracked 
| 129|0x000000070b500000, 0x000000070b500000, 0x000000070b600000|  0%| F|  |TAMS 0x000000070b500000, 0x000000070b500000| Untracked 
| 130|0x000000070b600000, 0x000000070b600000, 0x000000070b700000|  0%| F|  |TAMS 0x000000070b600000, 0x000000070b600000| Untracked 
| 131|0x000000070b700000, 0x000000070b700000, 0x000000070b800000|  0%| F|  |TAMS 0x000000070b700000, 0x000000070b700000| Untracked 
| 132|0x000000070b800000, 0x000000070b800000, 0x000000070b900000|  0%| F|  |TAMS 0x000000070b800000, 0x000000070b800000| Untracked 
| 133|0x000000070b900000, 0x000000070b900000, 0x000000070ba00000|  0%| F|  |TAMS 0x000000070b900000, 0x000000070b900000| Untracked 
| 134|0x000000070ba00000, 0x000000070ba00000, 0x000000070bb00000|  0%| F|  |TAMS 0x000000070ba00000, 0x000000070ba00000| Untracked 
| 135|0x000000070bb00000, 0x000000070bb00000, 0x000000070bc00000|  0%| F|  |TAMS 0x000000070bb00000, 0x000000070bb00000| Untracked 
| 136|0x000000070bc00000, 0x000000070bc00000, 0x000000070bd00000|  0%| F|  |TAMS 0x000000070bc00000, 0x000000070bc00000| Untracked 
| 137|0x000000070bd00000, 0x000000070bd00000, 0x000000070be00000|  0%| F|  |TAMS 0x000000070bd00000, 0x000000070bd00000| Untracked 
| 138|0x000000070be00000, 0x000000070be00000, 0x000000070bf00000|  0%| F|  |TAMS 0x000000070be00000, 0x000000070be00000| Untracked 
| 139|0x000000070bf00000, 0x000000070bf00000, 0x000000070c000000|  0%| F|  |TAMS 0x000000070bf00000, 0x000000070bf00000| Untracked 
| 140|0x000000070c000000, 0x000000070c000000, 0x000000070c100000|  0%| F|  |TAMS 0x000000070c000000, 0x000000070c000000| Untracked 
| 141|0x000000070c100000, 0x000000070c100000, 0x000000070c200000|  0%| F|  |TAMS 0x000000070c100000, 0x000000070c100000| Untracked 
| 142|0x000000070c200000, 0x000000070c200000, 0x000000070c300000|  0%| F|  |TAMS 0x000000070c200000, 0x000000070c200000| Untracked 
| 143|0x000000070c300000, 0x000000070c300000, 0x000000070c400000|  0%| F|  |TAMS 0x000000070c300000, 0x000000070c300000| Untracked 
| 144|0x000000070c400000, 0x000000070c400000, 0x000000070c500000|  0%| F|  |TAMS 0x000000070c400000, 0x000000070c400000| Untracked 
| 145|0x000000070c500000, 0x000000070c500000, 0x000000070c600000|  0%| F|  |TAMS 0x000000070c500000, 0x000000070c500000| Untracked 
| 146|0x000000070c600000, 0x000000070c600000, 0x000000070c700000|  0%| F|  |TAMS 0x000000070c600000, 0x000000070c600000| Untracked 
| 147|0x000000070c700000, 0x000000070c700000, 0x000000070c800000|  0%| F|  |TAMS 0x000000070c700000, 0x000000070c700000| Untracked 
| 148|0x000000070c800000, 0x000000070c800000, 0x000000070c900000|  0%| F|  |TAMS 0x000000070c800000, 0x000000070c800000| Untracked 
| 149|0x000000070c900000, 0x000000070c900000, 0x000000070ca00000|  0%| F|  |TAMS 0x000000070c900000, 0x000000070c900000| Untracked 
| 150|0x000000070ca00000, 0x000000070ca00000, 0x000000070cb00000|  0%| F|  |TAMS 0x000000070ca00000, 0x000000070ca00000| Untracked 
| 151|0x000000070cb00000, 0x000000070cb00000, 0x000000070cc00000|  0%| F|  |TAMS 0x000000070cb00000, 0x000000070cb00000| Untracked 
| 152|0x000000070cc00000, 0x000000070cc00000, 0x000000070cd00000|  0%| F|  |TAMS 0x000000070cc00000, 0x000000070cc00000| Untracked 
| 153|0x000000070cd00000, 0x000000070cd00000, 0x000000070ce00000|  0%| F|  |TAMS 0x000000070cd00000, 0x000000070cd00000| Untracked 
| 154|0x000000070ce00000, 0x000000070ce00000, 0x000000070cf00000|  0%| F|  |TAMS 0x000000070ce00000, 0x000000070ce00000| Untracked 
| 155|0x000000070cf00000, 0x000000070cf00000, 0x000000070d000000|  0%| F|  |TAMS 0x000000070cf00000, 0x000000070cf00000| Untracked 
| 156|0x000000070d000000, 0x000000070d000000, 0x000000070d100000|  0%| F|  |TAMS 0x000000070d000000, 0x000000070d000000| Untracked 
| 157|0x000000070d100000, 0x000000070d100000, 0x000000070d200000|  0%| F|  |TAMS 0x000000070d100000, 0x000000070d100000| Untracked 
| 158|0x000000070d200000, 0x000000070d200000, 0x000000070d300000|  0%| F|  |TAMS 0x000000070d200000, 0x000000070d200000| Untracked 
| 159|0x000000070d300000, 0x000000070d300000, 0x000000070d400000|  0%| F|  |TAMS 0x000000070d300000, 0x000000070d300000| Untracked 
| 160|0x000000070d400000, 0x000000070d400000, 0x000000070d500000|  0%| F|  |TAMS 0x000000070d400000, 0x000000070d400000| Untracked 
| 161|0x000000070d500000, 0x000000070d500000, 0x000000070d600000|  0%| F|  |TAMS 0x000000070d500000, 0x000000070d500000| Untracked 
| 162|0x000000070d600000, 0x000000070d600000, 0x000000070d700000|  0%| F|  |TAMS 0x000000070d600000, 0x000000070d600000| Untracked 
| 163|0x000000070d700000, 0x000000070d700000, 0x000000070d800000|  0%| F|  |TAMS 0x000000070d700000, 0x000000070d700000| Untracked 
| 164|0x000000070d800000, 0x000000070d800000, 0x000000070d900000|  0%| F|  |TAMS 0x000000070d800000, 0x000000070d800000| Untracked 
| 165|0x000000070d900000, 0x000000070d900000, 0x000000070da00000|  0%| F|  |TAMS 0x000000070d900000, 0x000000070d900000| Untracked 
| 166|0x000000070da00000, 0x000000070da00000, 0x000000070db00000|  0%| F|  |TAMS 0x000000070da00000, 0x000000070da00000| Untracked 
| 167|0x000000070db00000, 0x000000070db00000, 0x000000070dc00000|  0%| F|  |TAMS 0x000000070db00000, 0x000000070db00000| Untracked 
| 168|0x000000070dc00000, 0x000000070dc00000, 0x000000070dd00000|  0%| F|  |TAMS 0x000000070dc00000, 0x000000070dc00000| Untracked 
| 169|0x000000070dd00000, 0x000000070dd00000, 0x000000070de00000|  0%| F|  |TAMS 0x000000070dd00000, 0x000000070dd00000| Untracked 
| 170|0x000000070de00000, 0x000000070de00000, 0x000000070df00000|  0%| F|  |TAMS 0x000000070de00000, 0x000000070de00000| Untracked 
| 171|0x000000070df00000, 0x000000070df00000, 0x000000070e000000|  0%| F|  |TAMS 0x000000070df00000, 0x000000070df00000| Untracked 
| 172|0x000000070e000000, 0x000000070e000000, 0x000000070e100000|  0%| F|  |TAMS 0x000000070e000000, 0x000000070e000000| Untracked 
| 173|0x000000070e100000, 0x000000070e100000, 0x000000070e200000|  0%| F|  |TAMS 0x000000070e100000, 0x000000070e100000| Untracked 
| 174|0x000000070e200000, 0x000000070e200000, 0x000000070e300000|  0%| F|  |TAMS 0x000000070e200000, 0x000000070e200000| Untracked 
| 175|0x000000070e300000, 0x000000070e300000, 0x000000070e400000|  0%| F|  |TAMS 0x000000070e300000, 0x000000070e300000| Untracked 
| 176|0x000000070e400000, 0x000000070e400000, 0x000000070e500000|  0%| F|  |TAMS 0x000000070e400000, 0x000000070e400000| Untracked 
| 177|0x000000070e500000, 0x000000070e500000, 0x000000070e600000|  0%| F|  |TAMS 0x000000070e500000, 0x000000070e500000| Untracked 
| 178|0x000000070e600000, 0x000000070e600000, 0x000000070e700000|  0%| F|  |TAMS 0x000000070e600000, 0x000000070e600000| Untracked 
| 179|0x000000070e700000, 0x000000070e700000, 0x000000070e800000|  0%| F|  |TAMS 0x000000070e700000, 0x000000070e700000| Untracked 
| 180|0x000000070e800000, 0x000000070e800000, 0x000000070e900000|  0%| F|  |TAMS 0x000000070e800000, 0x000000070e800000| Untracked 
| 181|0x000000070e900000, 0x000000070e900000, 0x000000070ea00000|  0%| F|  |TAMS 0x000000070e900000, 0x000000070e900000| Untracked 
| 182|0x000000070ea00000, 0x000000070ea00000, 0x000000070eb00000|  0%| F|  |TAMS 0x000000070ea00000, 0x000000070ea00000| Untracked 
| 183|0x000000070eb00000, 0x000000070eb00000, 0x000000070ec00000|  0%| F|  |TAMS 0x000000070eb00000, 0x000000070eb00000| Untracked 
| 184|0x000000070ec00000, 0x000000070ec00000, 0x000000070ed00000|  0%| F|  |TAMS 0x000000070ec00000, 0x000000070ec00000| Untracked 
| 185|0x000000070ed00000, 0x000000070ed00000, 0x000000070ee00000|  0%| F|  |TAMS 0x000000070ed00000, 0x000000070ed00000| Untracked 
| 186|0x000000070ee00000, 0x000000070ee00000, 0x000000070ef00000|  0%| F|  |TAMS 0x000000070ee00000, 0x000000070ee00000| Untracked 
| 187|0x000000070ef00000, 0x000000070ef00000, 0x000000070f000000|  0%| F|  |TAMS 0x000000070ef00000, 0x000000070ef00000| Untracked 
| 188|0x000000070f000000, 0x000000070f000000, 0x000000070f100000|  0%| F|  |TAMS 0x000000070f000000, 0x000000070f000000| Untracked 
| 189|0x000000070f100000, 0x000000070f100000, 0x000000070f200000|  0%| F|  |TAMS 0x000000070f100000, 0x000000070f100000| Untracked 
| 190|0x000000070f200000, 0x000000070f200000, 0x000000070f300000|  0%| F|  |TAMS 0x000000070f200000, 0x000000070f200000| Untracked 
| 191|0x000000070f300000, 0x000000070f300000, 0x000000070f400000|  0%| F|  |TAMS 0x000000070f300000, 0x000000070f300000| Untracked 
| 192|0x000000070f400000, 0x000000070f400000, 0x000000070f500000|  0%| F|  |TAMS 0x000000070f400000, 0x000000070f400000| Untracked 
| 193|0x000000070f500000, 0x000000070f500000, 0x000000070f600000|  0%| F|  |TAMS 0x000000070f500000, 0x000000070f500000| Untracked 
| 194|0x000000070f600000, 0x000000070f600000, 0x000000070f700000|  0%| F|  |TAMS 0x000000070f600000, 0x000000070f600000| Untracked 
| 195|0x000000070f700000, 0x000000070f700000, 0x000000070f800000|  0%| F|  |TAMS 0x000000070f700000, 0x000000070f700000| Untracked 
| 196|0x000000070f800000, 0x000000070f800000, 0x000000070f900000|  0%| F|  |TAMS 0x000000070f800000, 0x000000070f800000| Untracked 
| 197|0x000000070f900000, 0x000000070f900000, 0x000000070fa00000|  0%| F|  |TAMS 0x000000070f900000, 0x000000070f900000| Untracked 
| 198|0x000000070fa00000, 0x000000070fa00000, 0x000000070fb00000|  0%| F|  |TAMS 0x000000070fa00000, 0x000000070fa00000| Untracked 
| 199|0x000000070fb00000, 0x000000070fb00000, 0x000000070fc00000|  0%| F|  |TAMS 0x000000070fb00000, 0x000000070fb00000| Untracked 
| 200|0x000000070fc00000, 0x000000070fc00000, 0x000000070fd00000|  0%| F|  |TAMS 0x000000070fc00000, 0x000000070fc00000| Untracked 
| 201|0x000000070fd00000, 0x000000070fd00000, 0x000000070fe00000|  0%| F|  |TAMS 0x000000070fd00000, 0x000000070fd00000| Untracked 
| 202|0x000000070fe00000, 0x000000070fe00000, 0x000000070ff00000|  0%| F|  |TAMS 0x000000070fe00000, 0x000000070fe00000| Untracked 
| 203|0x000000070ff00000, 0x000000070ff00000, 0x0000000710000000|  0%| F|  |TAMS 0x000000070ff00000, 0x000000070ff00000| Untracked 
| 204|0x0000000710000000, 0x0000000710000000, 0x0000000710100000|  0%| F|  |TAMS 0x0000000710000000, 0x0000000710000000| Untracked 
| 205|0x0000000710100000, 0x0000000710100000, 0x0000000710200000|  0%| F|  |TAMS 0x0000000710100000, 0x0000000710100000| Untracked 
| 206|0x0000000710200000, 0x0000000710200000, 0x0000000710300000|  0%| F|  |TAMS 0x0000000710200000, 0x0000000710200000| Untracked 
| 207|0x0000000710300000, 0x0000000710300000, 0x0000000710400000|  0%| F|  |TAMS 0x0000000710300000, 0x0000000710300000| Untracked 
| 208|0x0000000710400000, 0x0000000710400000, 0x0000000710500000|  0%| F|  |TAMS 0x0000000710400000, 0x0000000710400000| Untracked 
| 209|0x0000000710500000, 0x0000000710500000, 0x0000000710600000|  0%| F|  |TAMS 0x0000000710500000, 0x0000000710500000| Untracked 
| 210|0x0000000710600000, 0x0000000710600000, 0x0000000710700000|  0%| F|  |TAMS 0x0000000710600000, 0x0000000710600000| Untracked 
| 211|0x0000000710700000, 0x0000000710700000, 0x0000000710800000|  0%| F|  |TAMS 0x0000000710700000, 0x0000000710700000| Untracked 
| 212|0x0000000710800000, 0x0000000710800000, 0x0000000710900000|  0%| F|  |TAMS 0x0000000710800000, 0x0000000710800000| Untracked 
| 213|0x0000000710900000, 0x0000000710900000, 0x0000000710a00000|  0%| F|  |TAMS 0x0000000710900000, 0x0000000710900000| Untracked 
| 214|0x0000000710a00000, 0x0000000710a00000, 0x0000000710b00000|  0%| F|  |TAMS 0x0000000710a00000, 0x0000000710a00000| Untracked 
| 215|0x0000000710b00000, 0x0000000710b00000, 0x0000000710c00000|  0%| F|  |TAMS 0x0000000710b00000, 0x0000000710b00000| Untracked 
| 216|0x0000000710c00000, 0x0000000710c00000, 0x0000000710d00000|  0%| F|  |TAMS 0x0000000710c00000, 0x0000000710c00000| Untracked 
| 217|0x0000000710d00000, 0x0000000710d00000, 0x0000000710e00000|  0%| F|  |TAMS 0x0000000710d00000, 0x0000000710d00000| Untracked 
| 218|0x0000000710e00000, 0x0000000710e00000, 0x0000000710f00000|  0%| F|  |TAMS 0x0000000710e00000, 0x0000000710e00000| Untracked 
| 219|0x0000000710f00000, 0x0000000710f00000, 0x0000000711000000|  0%| F|  |TAMS 0x0000000710f00000, 0x0000000710f00000| Untracked 
| 220|0x0000000711000000, 0x0000000711000000, 0x0000000711100000|  0%| F|  |TAMS 0x0000000711000000, 0x0000000711000000| Untracked 
| 221|0x0000000711100000, 0x0000000711100000, 0x0000000711200000|  0%| F|  |TAMS 0x0000000711100000, 0x0000000711100000| Untracked 
| 222|0x0000000711200000, 0x0000000711200000, 0x0000000711300000|  0%| F|  |TAMS 0x0000000711200000, 0x0000000711200000| Untracked 
| 223|0x0000000711300000, 0x0000000711300000, 0x0000000711400000|  0%| F|  |TAMS 0x0000000711300000, 0x0000000711300000| Untracked 
| 224|0x0000000711400000, 0x0000000711400000, 0x0000000711500000|  0%| F|  |TAMS 0x0000000711400000, 0x0000000711400000| Untracked 
| 225|0x0000000711500000, 0x0000000711500000, 0x0000000711600000|  0%| F|  |TAMS 0x0000000711500000, 0x0000000711500000| Untracked 
| 226|0x0000000711600000, 0x0000000711600000, 0x0000000711700000|  0%| F|  |TAMS 0x0000000711600000, 0x0000000711600000| Untracked 
| 227|0x0000000711700000, 0x0000000711700000, 0x0000000711800000|  0%| F|  |TAMS 0x0000000711700000, 0x0000000711700000| Untracked 
| 228|0x0000000711800000, 0x0000000711800000, 0x0000000711900000|  0%| F|  |TAMS 0x0000000711800000, 0x0000000711800000| Untracked 
| 229|0x0000000711900000, 0x0000000711900000, 0x0000000711a00000|  0%| F|  |TAMS 0x0000000711900000, 0x0000000711900000| Untracked 
| 230|0x0000000711a00000, 0x0000000711a00000, 0x0000000711b00000|  0%| F|  |TAMS 0x0000000711a00000, 0x0000000711a00000| Untracked 
| 231|0x0000000711b00000, 0x0000000711b00000, 0x0000000711c00000|  0%| F|  |TAMS 0x0000000711b00000, 0x0000000711b00000| Untracked 
| 232|0x0000000711c00000, 0x0000000711c00000, 0x0000000711d00000|  0%| F|  |TAMS 0x0000000711c00000, 0x0000000711c00000| Untracked 
| 233|0x0000000711d00000, 0x0000000711d00000, 0x0000000711e00000|  0%| F|  |TAMS 0x0000000711d00000, 0x0000000711d00000| Untracked 
| 234|0x0000000711e00000, 0x0000000711e00000, 0x0000000711f00000|  0%| F|  |TAMS 0x0000000711e00000, 0x0000000711e00000| Untracked 
| 235|0x0000000711f00000, 0x0000000711f00000, 0x0000000712000000|  0%| F|  |TAMS 0x0000000711f00000, 0x0000000711f00000| Untracked 
| 236|0x0000000712000000, 0x0000000712000000, 0x0000000712100000|  0%| F|  |TAMS 0x0000000712000000, 0x0000000712000000| Untracked 
| 237|0x0000000712100000, 0x00000007121ec790, 0x0000000712200000| 92%| E|  |TAMS 0x0000000712100000, 0x0000000712100000| Complete 
| 238|0x0000000712200000, 0x0000000712300000, 0x0000000712300000|100%| E|CS|TAMS 0x0000000712200000, 0x0000000712200000| Complete 
| 239|0x0000000712300000, 0x0000000712400000, 0x0000000712400000|100%| E|CS|TAMS 0x0000000712300000, 0x0000000712300000| Complete 
| 240|0x0000000712400000, 0x0000000712500000, 0x0000000712500000|100%| E|CS|TAMS 0x0000000712400000, 0x0000000712400000| Complete 
| 241|0x0000000712500000, 0x0000000712600000, 0x0000000712600000|100%| E|CS|TAMS 0x0000000712500000, 0x0000000712500000| Complete 
| 242|0x0000000712600000, 0x0000000712700000, 0x0000000712700000|100%| E|CS|TAMS 0x0000000712600000, 0x0000000712600000| Complete 
| 243|0x0000000712700000, 0x0000000712800000, 0x0000000712800000|100%| E|CS|TAMS 0x0000000712700000, 0x0000000712700000| Complete 
| 244|0x0000000712800000, 0x0000000712900000, 0x0000000712900000|100%| E|CS|TAMS 0x0000000712800000, 0x0000000712800000| Complete 
| 245|0x0000000712900000, 0x0000000712a00000, 0x0000000712a00000|100%| E|CS|TAMS 0x0000000712900000, 0x0000000712900000| Complete 
| 246|0x0000000712a00000, 0x0000000712b00000, 0x0000000712b00000|100%| E|CS|TAMS 0x0000000712a00000, 0x0000000712a00000| Complete 
| 247|0x0000000712b00000, 0x0000000712c00000, 0x0000000712c00000|100%| E|CS|TAMS 0x0000000712b00000, 0x0000000712b00000| Complete 
| 248|0x0000000712c00000, 0x0000000712d00000, 0x0000000712d00000|100%| E|CS|TAMS 0x0000000712c00000, 0x0000000712c00000| Complete 
| 249|0x0000000712d00000, 0x0000000712e00000, 0x0000000712e00000|100%| E|CS|TAMS 0x0000000712d00000, 0x0000000712d00000| Complete 
| 250|0x0000000712e00000, 0x0000000712f00000, 0x0000000712f00000|100%| E|  |TAMS 0x0000000712e00000, 0x0000000712e00000| Complete 
| 251|0x0000000712f00000, 0x0000000713000000, 0x0000000713000000|100%| E|CS|TAMS 0x0000000712f00000, 0x0000000712f00000| Complete 
| 252|0x0000000713000000, 0x0000000713100000, 0x0000000713100000|100%| E|CS|TAMS 0x0000000713000000, 0x0000000713000000| Complete 
| 253|0x0000000713100000, 0x0000000713200000, 0x0000000713200000|100%| E|CS|TAMS 0x0000000713100000, 0x0000000713100000| Complete 

Card table byte_map: [0x000002269e970000,0x000002269f160000] _byte_map_base: 0x000002269b156000

Marking Bits (Prev, Next): (CMBitMap*) 0x000002268b1f8988, (CMBitMap*) 0x000002268b1f89c8
 Prev Bits: [0x000002269f950000, 0x00000226a3880000)
 Next Bits: [0x00000226a3880000, 0x00000226a77b0000)

Polling page: 0x0000022689030000

Metaspace:

Usage:
  Non-class:     10.64 MB capacity,    10.52 MB ( 99%) used,   115.36 KB (  1%) free+waste,    13.75 KB ( <1%) overhead. 
      Class:      1.13 MB capacity,     1.08 MB ( 95%) used,    53.72 KB (  5%) free+waste,     5.44 KB ( <1%) overhead. 
       Both:     11.78 MB capacity,    11.59 MB ( 98%) used,   169.08 KB (  1%) free+waste,    19.19 KB ( <1%) overhead. 

Virtual space:
  Non-class space:       12.00 MB reserved,      10.75 MB ( 90%) committed 
      Class space:        1.00 GB reserved,       1.25 MB ( <1%) committed 
             Both:        1.01 GB reserved,      12.00 MB (  1%) committed 

Chunk freelists:
   Non-Class:  44.00 KB
       Class:  23.00 KB
        Both:  67.00 KB

MaxMetaspaceSize: 17179869184.00 GB
CompressedClassSpaceSize: 1.00 GB

CodeHeap 'non-profiled nmethods': size=120000Kb used=330Kb max_used=330Kb free=119669Kb
 bounds [0x0000022696920000, 0x0000022696b90000, 0x000002269de50000]
CodeHeap 'profiled nmethods': size=120000Kb used=1650Kb max_used=1650Kb free=118349Kb
 bounds [0x000002268f3f0000, 0x000002268f660000, 0x0000022696920000]
CodeHeap 'non-nmethods': size=5760Kb used=1241Kb max_used=1270Kb free=4519Kb
 bounds [0x000002268ee50000, 0x000002268f0c0000, 0x000002268f3f0000]
 total_blobs=1272 nmethods=868 adapters=317
 compilation: enabled
              stopped_count=0, restarted_count=0
 full_count=0

Compilation events (20 events):
Event: 0.497 Thread 0x00000226aac5d800  858       3       jdk.internal.ref.CleanerImpl$PhantomCleanableRef::<init> (12 bytes)
Event: 0.497 Thread 0x00000226aac5d800 nmethod 858 0x000002268f58a790 code [0x000002268f58a940, 0x000002268f58aae8]
Event: 0.497 Thread 0x00000226aaee5000  862       4       java.lang.String::hashCode (60 bytes)
Event: 0.497 Thread 0x00000226aac5d800  863       3       org.eclipse.jdt.launching.internal.org.objectweb.asm.AnnotationWriter::putAnnotations (67 bytes)
Event: 0.497 Thread 0x00000226aac5d800 nmethod 863 0x000002268f58ab90 code [0x000002268f58adc0, 0x000002268f58b1f8]
Event: 0.497 Thread 0x00000226aac4f000  864       4       sun.net.www.ParseUtil::firstEncodeIndex (86 bytes)
Event: 0.497 Thread 0x00000226aac5d800  865       3       java.util.WeakHashMap::indexFor (6 bytes)
Event: 0.497 Thread 0x00000226aac5d800 nmethod 865 0x000002268f58b510 code [0x000002268f58b6a0, 0x000002268f58b778]
Event: 0.497 Thread 0x00000226aac5d800  866       3       java.lang.ref.WeakReference::<init> (6 bytes)
Event: 0.497 Thread 0x00000226aac5d800 nmethod 866 0x000002268f58b810 code [0x000002268f58b9c0, 0x000002268f58bcd8]
Event: 0.498 Thread 0x00000226aac5d800  867       3       java.lang.Class::arrayContentsEq (70 bytes)
Event: 0.498 Thread 0x00000226aac5d800 nmethod 867 0x000002268f58be10 code [0x000002268f58bfe0, 0x000002268f58c3f8]
Event: 0.498 Thread 0x00000226aac5d800  868       3       org.eclipse.jdt.launching.internal.org.objectweb.asm.ByteVector::enlarge (51 bytes)
Event: 0.498 Thread 0x00000226aac5d800 nmethod 868 0x000002268f58c590 code [0x000002268f58c740, 0x000002268f58ca68]
Event: 0.499 Thread 0x00000226aaee5000 nmethod 862 0x0000022696971c90 code [0x0000022696971e40, 0x0000022696972108]
Event: 0.500 Thread 0x00000226aac4f000 nmethod 864 0x0000022696972290 code [0x00000226969724c0, 0x0000022696972908]
Event: 158.339 Thread 0x00000226aac4f000  869       4       org.eclipse.jdt.launching.internal.org.objectweb.asm.ClassReader::readUtf (44 bytes)
Event: 158.345 Thread 0x00000226aac4f000 

Event: 1008.572 Thread 0x00000226aac4f000  870       4       org.eclipse.jdt.launching.internal.org.objectweb.asm.ClassReader::readUtf (44 bytes)
Event: 1008.582 Thread 0x00000226aac4f000 


GC Heap History (0 events):
No events

Deoptimization events (20 events):
Event: 0.475 Thread 0x000002268b194800 Uncommon trap: trap_request=0xffffff45 fr.pc=0x000002269695c748 relative=0x0000000000000808
Event: 0.475 Thread 0x000002268b194800 Uncommon trap: reason=unstable_if action=reinterpret pc=0x000002269695c748 method=org.eclipse.jdt.launching.internal.org.objectweb.asm.ClassReader.readUtf(II[C)Ljava/lang/String; @ 41 c2
Event: 0.475 Thread 0x000002268b194800 DEOPT PACKING pc=0x000002269695c748 sp=0x0000002e6aefc1f0
Event: 0.475 Thread 0x000002268b194800 DEOPT UNPACKING pc=0x000002268ee9912f sp=0x0000002e6aefc178 mode 2
Event: 0.475 Thread 0x000002268b194800 Uncommon trap: trap_request=0xffffff45 fr.pc=0x0000022696959c4c relative=0x000000000000066c
Event: 0.475 Thread 0x000002268b194800 Uncommon trap: reason=unstable_if action=reinterpret pc=0x0000022696959c4c method=org.eclipse.jdt.launching.internal.org.objectweb.asm.ClassReader.readUtf(II[C)Ljava/lang/String; @ 41 c2
Event: 0.475 Thread 0x000002268b194800 DEOPT PACKING pc=0x0000022696959c4c sp=0x0000002e6aefc160
Event: 0.475 Thread 0x000002268b194800 DEOPT UNPACKING pc=0x000002268ee9912f sp=0x0000002e6aefc168 mode 2
Event: 0.475 Thread 0x000002268b194800 Uncommon trap: trap_request=0xffffff45 fr.pc=0x00000226969292ac relative=0x000000000000026c
Event: 0.475 Thread 0x000002268b194800 Uncommon trap: reason=unstable_if action=reinterpret pc=0x00000226969292ac method=java.lang.String.isLatin1()Z @ 10 c2
Event: 0.475 Thread 0x000002268b194800 DEOPT PACKING pc=0x00000226969292ac sp=0x0000002e6aefc2b0
Event: 0.475 Thread 0x000002268b194800 DEOPT UNPACKING pc=0x000002268ee9912f sp=0x0000002e6aefc1e0 mode 2
Event: 0.475 Thread 0x000002268b194800 Uncommon trap: trap_request=0xffffff45 fr.pc=0x000002269692b1fc relative=0x000000000000005c
Event: 0.475 Thread 0x000002268b194800 Uncommon trap: reason=unstable_if action=reinterpret pc=0x000002269692b1fc method=java.lang.String.isLatin1()Z @ 10 c2
Event: 0.475 Thread 0x000002268b194800 DEOPT PACKING pc=0x000002269692b1fc sp=0x0000002e6aefc230
Event: 0.475 Thread 0x000002268b194800 DEOPT UNPACKING pc=0x000002268ee9912f sp=0x0000002e6aefc1d0 mode 2
Event: 0.478 Thread 0x000002268b194800 Uncommon trap: trap_request=0xffffff45 fr.pc=0x00000226969362e4 relative=0x0000000000000044
Event: 0.478 Thread 0x000002268b194800 Uncommon trap: reason=unstable_if action=reinterpret pc=0x00000226969362e4 method=java.lang.CharacterData.of(I)Ljava/lang/CharacterData; @ 4 c2
Event: 0.478 Thread 0x000002268b194800 DEOPT PACKING pc=0x00000226969362e4 sp=0x0000002e6aefe540
Event: 0.478 Thread 0x000002268b194800 DEOPT UNPACKING pc=0x000002268ee9912f sp=0x0000002e6aefe4e0 mode 2

Classes unloaded (0 events):
No events

Classes redefined (12 events):
Event: 158.340 Thread 0x00000226aac01000 redefined class name=MyTestingProject.JuegoTest, count=1
Event: 454.490 Thread 0x00000226aac01000 redefined class name=MyTestingProject.JuegoTest, count=2
Event: 493.562 Thread 0x00000226aac01000 redefined class name=MyTestingProject.JuegoTest, count=3
Event: 526.307 Thread 0x00000226aac01000 redefined class name=MyTestingProject.JuegoTest, count=4
Event: 590.347 Thread 0x00000226aac01000 redefined class name=MyTestingProject.Modelo.Tablero, count=1
Event: 640.479 Thread 0x00000226aac01000 redefined class name=MyTestingProject.JuegoTest, count=5
Event: 671.144 Thread 0x00000226aac01000 redefined class name=MyTestingProject.JuegoTest, count=6
Event: 719.167 Thread 0x00000226aac01000 redefined class name=MyTestingProject.JuegoTest, count=7
Event: 768.817 Thread 0x00000226aac01000 redefined class name=MyTestingProject.JuegoTest, count=8
Event: 825.008 Thread 0x00000226aac01000 redefined class name=MyTestingProject.JuegoTest, count=9
Event: 1008.574 Thread 0x00000226aac01000 redefined class name=MyTestingProject.JuegoTest, count=10
Event: 1008.574 Thread 0x00000226aac01000 redefined class name=MyTestingProject.Modelo.Tablero, count=2

Internal exceptions (2 events):
Event: 0.437 Thread 0x000002268b194800 Exception <a 'java/lang/IncompatibleClassChangeError'{0x00000007125e3a58}: Found class java.lang.Object, but interface was expected> (0x00000007125e3a58) 
thrown [./open/src/hotspot/share/interpreter/linkResolver.cpp, line 832]
Event: 0.460 Thread 0x000002268b194800 Exception <a 'java/lang/NoSuchMethodError'{0x000000071233f700}: 'int java.lang.invoke.DirectMethodHandle$Holder.invokeSpecialIFC(java.lang.Object, java.lang.Object, int)'> (0x000000071233f700) 
thrown [./open/src/hotspot/share/interpreter/linkResolver.cpp, line 766]

Events (20 events):
Event: 1008.630 Executing VM operation: ChangeBreakpoints
Event: 1008.630 Executing VM operation: ChangeBreakpoints done
Event: 1008.632 Executing VM operation: ChangeBreakpoints
Event: 1008.632 Executing VM operation: ChangeBreakpoints done
Event: 1008.633 Executing VM operation: GetFrameCount
Event: 1008.633 Executing VM operation: GetFrameCount done
Event: 1008.633 Executing VM operation: GetStackTrace
Event: 1008.633 Executing VM operation: GetStackTrace done
Event: 1008.633 Executing VM operation: GetFrameCount
Event: 1008.633 Executing VM operation: GetFrameCount done
Event: 1008.633 Executing VM operation: SetFramePop
Event: 1008.633 Executing VM operation: SetFramePop done
Event: 1008.633 Executing VM operation: GetFrameLocation
Event: 1008.633 Executing VM operation: GetFrameLocation done
Event: 1008.633 Executing VM operation: GetCurrentLocation
Event: 1008.633 Executing VM operation: GetCurrentLocation done
Event: 1008.633 Executing VM operation: ChangeSingleStep
Event: 1008.633 Executing VM operation: ChangeSingleStep done
Event: 1008.634 Executing VM operation: GetFrameLocation
Event: 1008.634 Executing VM operation: GetFrameLocation done


Dynamic libraries:
0x00007ff7ced40000 - 0x00007ff7ced4d000 	C:\Users\TESTER\.p2\pool\plugins\org.eclipse.justj.openjdk.hotspot.jre.full.win32.x86_64_14.0.2.v20200815-0932\jre\bin\javaw.exe
0x00007ffdfb380000 - 0x00007ffdfb570000 	C:\WINDOWS\SYSTEM32\ntdll.dll
0x00007ffdfa7d0000 - 0x00007ffdfa882000 	C:\WINDOWS\System32\KERNEL32.DLL
0x00007ffdf9180000 - 0x00007ffdf9425000 	C:\WINDOWS\System32\KERNELBASE.dll
0x00007ffdf8520000 - 0x00007ffdf861a000 	C:\WINDOWS\System32\ucrtbase.dll
0x00007ffddf9d0000 - 0x00007ffddf9e8000 	C:\Users\TESTER\.p2\pool\plugins\org.eclipse.justj.openjdk.hotspot.jre.full.win32.x86_64_14.0.2.v20200815-0932\jre\bin\jli.dll
0x00007ffde1560000 - 0x00007ffde1575000 	C:\Users\TESTER\.p2\pool\plugins\org.eclipse.justj.openjdk.hotspot.jre.full.win32.x86_64_14.0.2.v20200815-0932\jre\bin\VCRUNTIME140.dll
0x00007ffdf9430000 - 0x00007ffdf95c4000 	C:\WINDOWS\System32\USER32.dll
0x00007ffdf8f50000 - 0x00007ffdf8f71000 	C:\WINDOWS\System32\win32u.dll
0x00007ffdd9850000 - 0x00007ffdd9ad4000 	C:\WINDOWS\WinSxS\amd64_microsoft.windows.common-controls_6595b64144ccf1df_6.0.18362.1198_none_9e820b57e45ad92f\COMCTL32.dll
0x00007ffdfa740000 - 0x00007ffdfa766000 	C:\WINDOWS\System32\GDI32.dll
0x00007ffdfaa20000 - 0x00007ffdfaabe000 	C:\WINDOWS\System32\msvcrt.dll
0x00007ffdf8f80000 - 0x00007ffdf9116000 	C:\WINDOWS\System32\gdi32full.dll
0x00007ffdf8e00000 - 0x00007ffdf8e9e000 	C:\WINDOWS\System32\msvcp_win.dll
0x00007ffdf9ac0000 - 0x00007ffdf9df5000 	C:\WINDOWS\System32\combase.dll
0x00007ffdfa890000 - 0x00007ffdfa9b0000 	C:\WINDOWS\System32\RPCRT4.dll
0x00007ffdf8300000 - 0x00007ffdf8380000 	C:\WINDOWS\System32\bcryptPrimitives.dll
0x00007ffdfaac0000 - 0x00007ffdfaaee000 	C:\WINDOWS\System32\IMM32.DLL
0x00007ffdd6330000 - 0x00007ffdd63cb000 	C:\Users\TESTER\.p2\pool\plugins\org.eclipse.justj.openjdk.hotspot.jre.full.win32.x86_64_14.0.2.v20200815-0932\jre\bin\msvcp140.dll
0x00007ffd8c200000 - 0x00007ffd8cd1e000 	C:\Users\TESTER\.p2\pool\plugins\org.eclipse.justj.openjdk.hotspot.jre.full.win32.x86_64_14.0.2.v20200815-0932\jre\bin\server\jvm.dll
0x00007ffdf9940000 - 0x00007ffdf99e3000 	C:\WINDOWS\System32\ADVAPI32.dll
0x00007ffdf9e00000 - 0x00007ffdf9e97000 	C:\WINDOWS\System32\sechost.dll
0x00007ffdfa730000 - 0x00007ffdfa738000 	C:\WINDOWS\System32\PSAPI.DLL
0x00007ffde6d00000 - 0x00007ffde6d09000 	C:\WINDOWS\SYSTEM32\WSOCK32.dll
0x00007ffde23b0000 - 0x00007ffde23d4000 	C:\WINDOWS\SYSTEM32\WINMM.dll
0x00007ffdfb2d0000 - 0x00007ffdfb33f000 	C:\WINDOWS\System32\WS2_32.dll
0x00007ffdf2c00000 - 0x00007ffdf2c0a000 	C:\WINDOWS\SYSTEM32\VERSION.dll
0x00007ffde2380000 - 0x00007ffde23ad000 	C:\WINDOWS\SYSTEM32\WINMMBASE.dll
0x00007ffdf8620000 - 0x00007ffdf866a000 	C:\WINDOWS\System32\cfgmgr32.dll
0x00007ffdf8240000 - 0x00007ffdf8251000 	C:\WINDOWS\System32\kernel.appcore.dll
0x00007ffde6970000 - 0x00007ffde697a000 	C:\Users\TESTER\.p2\pool\plugins\org.eclipse.justj.openjdk.hotspot.jre.full.win32.x86_64_14.0.2.v20200815-0932\jre\bin\jimage.dll
0x00007ffded120000 - 0x00007ffded314000 	C:\WINDOWS\SYSTEM32\DBGHELP.DLL
0x00007ffde6cc0000 - 0x00007ffde6cea000 	C:\WINDOWS\SYSTEM32\dbgcore.DLL
0x00007ffddf070000 - 0x00007ffddf0a8000 	C:\Users\TESTER\.p2\pool\plugins\org.eclipse.justj.openjdk.hotspot.jre.full.win32.x86_64_14.0.2.v20200815-0932\jre\bin\jdwp.dll
0x00007ffde41d0000 - 0x00007ffde41f5000 	C:\Users\TESTER\.p2\pool\plugins\org.eclipse.justj.openjdk.hotspot.jre.full.win32.x86_64_14.0.2.v20200815-0932\jre\bin\java.dll
0x00007ffde40d0000 - 0x00007ffde40de000 	C:\Users\TESTER\.p2\pool\plugins\org.eclipse.justj.openjdk.hotspot.jre.full.win32.x86_64_14.0.2.v20200815-0932\jre\bin\instrument.dll
0x00007ffde5e40000 - 0x00007ffde5e56000 	C:\Users\TESTER\.p2\pool\plugins\org.eclipse.justj.openjdk.hotspot.jre.full.win32.x86_64_14.0.2.v20200815-0932\jre\bin\zip.dll
0x00007ffdfaaf0000 - 0x00007ffdfb1d7000 	C:\WINDOWS\System32\SHELL32.dll
0x00007ffdfa5f0000 - 0x00007ffdfa699000 	C:\WINDOWS\System32\shcore.dll
0x00007ffdf8670000 - 0x00007ffdf8df1000 	C:\WINDOWS\System32\windows.storage.dll
0x00007ffdf8260000 - 0x00007ffdf8283000 	C:\WINDOWS\System32\profapi.dll
0x00007ffdf82b0000 - 0x00007ffdf82fa000 	C:\WINDOWS\System32\powrprof.dll
0x00007ffdf8230000 - 0x00007ffdf8240000 	C:\WINDOWS\System32\UMPDC.dll
0x00007ffdfb1f0000 - 0x00007ffdfb242000 	C:\WINDOWS\System32\shlwapi.dll
0x00007ffdf84d0000 - 0x00007ffdf84e7000 	C:\WINDOWS\System32\cryptsp.dll
0x00007ffde2280000 - 0x00007ffde228b000 	C:\Users\TESTER\.p2\pool\plugins\org.eclipse.justj.openjdk.hotspot.jre.full.win32.x86_64_14.0.2.v20200815-0932\jre\bin\dt_socket.dll
0x00007ffdf7790000 - 0x00007ffdf77ca000 	C:\WINDOWS\SYSTEM32\IPHLPAPI.DLL
0x00007ffdf7a80000 - 0x00007ffdf7ae7000 	C:\WINDOWS\system32\mswsock.dll
0x00007ffdf77d0000 - 0x00007ffdf789b000 	C:\WINDOWS\SYSTEM32\DNSAPI.dll
0x00007ffdfb1e0000 - 0x00007ffdfb1e8000 	C:\WINDOWS\System32\NSI.dll
0x00007ffdf2ea0000 - 0x00007ffdf2eaa000 	C:\Windows\System32\rasadhlp.dll
0x00007ffdf2880000 - 0x00007ffdf28f7000 	C:\WINDOWS\System32\fwpuclnt.dll
0x00007ffdf84f0000 - 0x00007ffdf8516000 	C:\WINDOWS\System32\bcrypt.dll
0x00007ffde40e0000 - 0x00007ffde40f9000 	C:\Users\TESTER\.p2\pool\plugins\org.eclipse.justj.openjdk.hotspot.jre.full.win32.x86_64_14.0.2.v20200815-0932\jre\bin\net.dll
0x00007ffdf3ed0000 - 0x00007ffdf3fc0000 	C:\WINDOWS\SYSTEM32\WINHTTP.dll
0x00007ffde3f40000 - 0x00007ffde3f52000 	C:\Users\TESTER\.p2\pool\plugins\org.eclipse.justj.openjdk.hotspot.jre.full.win32.x86_64_14.0.2.v20200815-0932\jre\bin\nio.dll
0x00007ffde5f10000 - 0x00007ffde5f20000 	C:\Users\TESTER\.p2\pool\plugins\org.eclipse.justj.openjdk.hotspot.jre.full.win32.x86_64_14.0.2.v20200815-0932\jre\bin\verify.dll
0x00007ffdf2eb0000 - 0x00007ffdf2ec6000 	C:\WINDOWS\SYSTEM32\dhcpcsvc6.DLL
0x00007ffdf3120000 - 0x00007ffdf313c000 	C:\WINDOWS\SYSTEM32\dhcpcsvc.DLL

dbghelp: loaded successfully - version: 4.0.5 - missing functions: none
symbol engine: initialized successfully - sym options: 0x614 - pdb path: .;C:\Users\TESTER\.p2\pool\plugins\org.eclipse.justj.openjdk.hotspot.jre.full.win32.x86_64_14.0.2.v20200815-0932\jre\bin;C:\WINDOWS\SYSTEM32;C:\WINDOWS\WinSxS\amd64_microsoft.windows.common-controls_6595b64144ccf1df_6.0.18362.1198_none_9e820b57e45ad92f;C:\Users\TESTER\.p2\pool\plugins\org.eclipse.justj.openjdk.hotspot.jre.full.win32.x86_64_14.0.2.v20200815-0932\jre\bin\server

VM Arguments:
jvm_args: -XX:+ShowCodeDetailsInExceptionMessages -agentlib:jdwp=transport=dt_socket,suspend=y,address=localhost:50273 -ea -javaagent:C:\Users\TESTER\eclipse\java-2020-09\eclipse\configuration\org.eclipse.osgi\215\0\.cp\lib\javaagent-shaded.jar -Dfile.encoding=Cp1252 
java_command: org.eclipse.jdt.internal.junit.runner.RemoteTestRunner -version 3 -port 50272 -testLoaderClass org.eclipse.jdt.internal.junit4.runner.JUnit4TestLoader -loaderpluginname org.eclipse.jdt.junit4.runtime -classNames MyTestingProject.JuegoTest
java_class_path (initial): C:\Users\TESTER\eclipse-workspace\MyTestingProject\bin\main;C:\Users\TESTER\eclipse-workspace\MyTestingProject\bin\test;C:\Users\TESTER\eclipse-workspace\MyTestingProject\bin\default;C:\Users\TESTER\.p2\pool\plugins\org.junit.jupiter.api_5.6.0.v20200203-2009.jar;C:\Users\TESTER\.p2\pool\plugins\org.junit.jupiter.engine_5.6.0.v20200203-2009.jar;C:\Users\TESTER\.p2\pool\plugins\org.junit.jupiter.migrationsupport_5.6.0.v20200203-2009.jar;C:\Users\TESTER\.p2\pool\plugins\org.junit.jupiter.params_5.6.0.v20200203-2009.jar;C:\Users\TESTER\.p2\pool\plugins\org.junit.platform.commons_1.6.0.v20200203-2009.jar;C:\Users\TESTER\.p2\pool\plugins\org.junit.platform.engine_1.6.0.v20200203-2009.jar;C:\Users\TESTER\.p2\pool\plugins\org.junit.platform.launcher_1.6.0.v20200203-2009.jar;C:\Users\TESTER\.p2\pool\plugins\org.junit.platform.runner_1.6.0.v20200203-2009.jar;C:\Users\TESTER\.p2\pool\plugins\org.junit.platform.suite.api_1.6.0.v20200203-2009.jar;C:\Users\TESTER\.p2\pool\plugins\org.junit.vintage.engine_5.6.0.v20200203-2009.jar;C:\Users\TESTER\.p2\pool\plugins\org.opentest4j_1.2.0.v20190826-0900.jar;C:\Users\TESTER\.p2\pool\plugins\org.apiguardian_1.1.0.v20190826-0900.jar;C:\Users\TESTER\.p2\pool\plugins\org.junit_4.13.0.v20200204-1500.jar;C:\Users\TESTER\.p2\pool\plugins\org.hamcrest.core_1.3.0.v20180420-1519.jar;C:\Users\TESTER\eclipse\java-2020-09\eclipse\configuration\org.eclipse.osgi\213\0\.cp;C:\Users\TESTER\eclipse\java-2020-09\eclipse\configuration\org.eclipse.osgi\212\0\.cp
Launcher Type: SUN_STANDARD

[Global flags]
     intx CICompilerCount                          = 4                                         {product} {ergonomic}
     uint ConcGCThreads                            = 2                                         {product} {ergonomic}
     uint G1ConcRefinementThreads                  = 8                                         {product} {ergonomic}
   size_t G1HeapRegionSize                         = 1048576                                   {product} {ergonomic}
    uintx GCDrainStackTargetSize                   = 64                                        {product} {ergonomic}
   size_t InitialHeapSize                          = 266338304                                 {product} {ergonomic}
   size_t MarkStackSize                            = 4194304                                   {product} {ergonomic}
   size_t MaxHeapSize                              = 4240441344                                {product} {ergonomic}
   size_t MaxNewSize                               = 2543845376                                {product} {ergonomic}
   size_t MinHeapDeltaBytes                        = 1048576                                   {product} {ergonomic}
   size_t MinHeapSize                              = 8388608                                   {product} {ergonomic}
    uintx NonNMethodCodeHeapSize                   = 5839372                                {pd product} {ergonomic}
    uintx NonProfiledCodeHeapSize                  = 122909434                              {pd product} {ergonomic}
    uintx ProfiledCodeHeapSize                     = 122909434                              {pd product} {ergonomic}
    uintx ReservedCodeCacheSize                    = 251658240                              {pd product} {ergonomic}
     bool SegmentedCodeCache                       = true                                      {product} {ergonomic}
     bool ShowCodeDetailsInExceptionMessages       = true                                   {manageable} {command line}
   size_t SoftMaxHeapSize                          = 4240441344                             {manageable} {ergonomic}
     bool UseCompressedClassPointers               = true                                 {lp64_product} {ergonomic}
     bool UseCompressedOops                        = true                                 {lp64_product} {ergonomic}
     bool UseG1GC                                  = true                                      {product} {ergonomic}
     bool UseLargePagesIndividualAllocation        = false                                  {pd product} {ergonomic}

Logging:
Log output configuration:
 #0: stdout all=warning uptime,level,tags
 #1: stderr all=off uptime,level,tags

Environment Variables:
PATH=C:\Users\TESTER\.p2\pool\plugins\org.eclipse.justj.openjdk.hotspot.jre.full.win32.x86_64_14.0.2.v20200815-0932\jre\bin;C:/Users/TESTER/.p2/pool/plugins/org.eclipse.justj.openjdk.hotspot.jre.full.win32.x86_64_14.0.2.v20200815-0932/jre/bin/server;C:/Users/TESTER/.p2/pool/plugins/org.eclipse.justj.openjdk.hotspot.jre.full.win32.x86_64_14.0.2.v20200815-0932/jre/bin;C:\windows\system32;C:\windows;C:\windows\System32\Wbem;C:\windows\System32\WindowsPowerShell\v1.0\;C:\windows\System32\OpenSSH\;C:\Program Files (x86)\NVIDIA Corporation\PhysX\Common;C:\Program Files\NVIDIA Corporation\NVIDIA NvDLISR;C:\WINDOWS\system32;C:\WINDOWS;C:\WINDOWS\System32\Wbem;C:\WINDOWS\System32\WindowsPowerShell\v1.0\;C:\WINDOWS\System32\OpenSSH\;C:\Program Files\Git\cmd;C:\Program Files\Graphviz 2.44.1\bin;C:\Program Files (x86)\PuTTY\;C:\Users\TESTER\AppData\Local\Microsoft\WindowsApps;C:\Users\TESTER\Desktop\gabdclient\instantclient_19_8;;C:\WINDOWS\System32;
USERNAME=TESTER
OS=Windows_NT
PROCESSOR_IDENTIFIER=Intel64 Family 6 Model 142 Stepping 12, GenuineIntel



---------------  S Y S T E M  ---------------

OS: Windows 10 , 64 bit Build 18362 (10.0.18362.1110)
OS uptime: 2 days 0:53 hours

CPU:total 8 (initial active 8) (4 cores per cpu, 2 threads per core) family 6 model 142 stepping 12, cmov, cx8, fxsr, mmx, sse, sse2, sse3, ssse3, sse4.1, sse4.2, popcnt, avx, avx2, aes, clmul, erms, 3dnowpref, lzcnt, ht, tsc, tscinvbit, bmi1, bmi2, adx, fma

Memory: 4k page, system-wide physical 16171M (8948M free)
TotalPageFile size 18603M (AvailPageFile size 4184M)
current process WorkingSet (physical memory assigned to process): 65M, peak: 70M
current process commit charge ("private bytes"): 349M, peak: 353M

vm_info: OpenJDK 64-Bit Server VM (14.0.2+12-46) for windows-amd64 JRE (14.0.2+12-46), built on Jul  9 2020 00:31:16 by "mach5one" with MS VC++ 15.9 (VS2017)

END.
